[WARNING] Disabling enhanced local repository: using legacy is strongly discouraged to ensure build reproducibility.
[INFO] Scanning for projects...
[INFO] 
[INFO] Using the builder org.apache.maven.lifecycle.internal.builder.singlethreaded.SingleThreadedBuilder with a thread count of 1
[INFO]                                                                         
[INFO] ------------------------------------------------------------------------
[INFO] Building OPENIZ UniqueChildEvents-0.1.0 (0.1,Job Designs) 0.1.0
[INFO] ------------------------------------------------------------------------
[WARNING] The POM for commons-collections:commons-collections:jar:3.2.2 is missing, no dependency information available
[WARNING] The POM for log4j:log4j:jar:1.2.17 is missing, no dependency information available
[INFO] 
[INFO] --- maven-resources-plugin:3.0.2:resources (default-resources) @ UniqueChildEvents ---
[WARNING] Using platform encoding (UTF-8 actually) to copy filtered resources, i.e. build is platform dependent!
[INFO] Copying 0 resource
[INFO] 
[INFO] --- maven-compiler-plugin:3.6.1:compile (default-compile) @ UniqueChildEvents ---
[INFO] Not compiling main sources
[INFO] 
[INFO] --- maven-resources-plugin:3.0.2:testResources (default-testResources) @ UniqueChildEvents ---
[INFO] Not copying test resources
[INFO] 
[INFO] --- maven-compiler-plugin:3.6.1:testCompile (default-testCompile) @ UniqueChildEvents ---
[INFO] Not compiling test sources
[INFO] 
[INFO] --- maven-surefire-plugin:2.20:test (default-test) @ UniqueChildEvents ---
[INFO] Tests are skipped.
[INFO] 
[INFO] --- maven-jar-plugin:3.0.2:jar (default-jar) @ UniqueChildEvents ---
[INFO] Building jar: C:\Users\fyfej\workspace\OPENIZ\poms\jobs\process\MandE\uniquechildevents_0.1\target\uniquechildevents_0_1.jar
[INFO] 
[INFO] --- maven-assembly-plugin:3.0.0:single (default) @ UniqueChildEvents ---
[INFO] Reading assembly descriptor: C:\Users\fyfej\workspace\OPENIZ\poms\jobs\process\MandE\uniquechildevents_0.1/src/main/assemblies/assembly.xml
[WARNING] Missing POM for commons-collections:commons-collections:jar:3.2.2
[WARNING] Missing POM for log4j:log4j:jar:1.2.17
[INFO] Building zip: C:\Users\fyfej\workspace\OPENIZ\poms\jobs\process\MandE\uniquechildevents_0.1\target\uniquechildevents_0_1.zip
[INFO] ------------------------------------------------------------------------
[INFO] BUILD SUCCESS
[INFO] ------------------------------------------------------------------------
[INFO] Total time: 2.302 s
[INFO] Finished at: 2020-09-09T17:44:54-05:00
[INFO] Final Memory: 16M/981M
[INFO] ------------------------------------------------------------------------
